c:\users\franc\onedrive - cégep de jonquière\cegep 3\prog\pratique\la_guilde\la_guilde\x64\debug\vc142.pdb
c:\users\franc\onedrive - cégep de jonquière\cegep 3\prog\pratique\la_guilde\la_guilde\x64\debug\vc142.idb
c:\users\franc\onedrive - cégep de jonquière\cegep 3\prog\pratique\la_guilde\la_guilde\x64\debug\marchand.obj
c:\users\franc\onedrive - cégep de jonquière\cegep 3\prog\pratique\la_guilde\la_guilde\x64\debug\la_guilde.obj
c:\users\franc\onedrive - cégep de jonquière\cegep 3\prog\pratique\la_guilde\la_guilde\x64\debug\humain.obj
c:\users\franc\onedrive - cégep de jonquière\cegep 3\prog\pratique\la_guilde\la_guilde\x64\debug\hache.obj
c:\users\franc\onedrive - cégep de jonquière\cegep 3\prog\pratique\la_guilde\la_guilde\x64\debug\fercheval.obj
c:\users\franc\onedrive - cégep de jonquière\cegep 3\prog\pratique\la_guilde\la_guilde\x64\debug\factoryaventurier.obj
c:\users\franc\onedrive - cégep de jonquière\cegep 3\prog\pratique\la_guilde\la_guilde\x64\debug\equipement.obj
c:\users\franc\onedrive - cégep de jonquière\cegep 3\prog\pratique\la_guilde\la_guilde\x64\debug\epee.obj
c:\users\franc\onedrive - cégep de jonquière\cegep 3\prog\pratique\la_guilde\la_guilde\x64\debug\emplacement.obj
c:\users\franc\onedrive - cégep de jonquière\cegep 3\prog\pratique\la_guilde\la_guilde\x64\debug\elf.obj
c:\users\franc\onedrive - cégep de jonquière\cegep 3\prog\pratique\la_guilde\la_guilde\x64\debug\chrono.obj
c:\users\franc\onedrive - cégep de jonquière\cegep 3\prog\pratique\la_guilde\la_guilde\x64\debug\bouclier.obj
c:\users\franc\onedrive - cégep de jonquière\cegep 3\prog\pratique\la_guilde\la_guilde\x64\debug\bete.obj
c:\users\franc\onedrive - cégep de jonquière\cegep 3\prog\pratique\la_guilde\la_guilde\x64\debug\utilities.obj
c:\users\franc\onedrive - cégep de jonquière\cegep 3\prog\pratique\la_guilde\la_guilde\x64\debug\race.obj
c:\users\franc\onedrive - cégep de jonquière\cegep 3\prog\pratique\la_guilde\la_guilde\x64\debug\peau.obj
c:\users\franc\onedrive - cégep de jonquière\cegep 3\prog\pratique\la_guilde\la_guilde\x64\debug\menumanager.obj
c:\users\franc\onedrive - cégep de jonquière\cegep 3\prog\pratique\la_guilde\la_guilde\x64\debug\guilde.obj
c:\users\franc\onedrive - cégep de jonquière\cegep 3\prog\pratique\la_guilde\la_guilde\x64\debug\guerrier.obj
c:\users\franc\onedrive - cégep de jonquière\cegep 3\prog\pratique\la_guilde\la_guilde\x64\debug\factoryquete.obj
c:\users\franc\onedrive - cégep de jonquière\cegep 3\prog\pratique\la_guilde\la_guilde\x64\debug\chevalier.obj
c:\users\franc\onedrive - cégep de jonquière\cegep 3\prog\pratique\la_guilde\la_guilde\x64\debug\aventurier.obj
c:\users\franc\onedrive - cégep de jonquière\cegep 3\prog\pratique\la_guilde\la_guilde\x64\debug\archer.obj
c:\users\franc\onedrive - cégep de jonquière\cegep 3\prog\pratique\la_guilde\la_guilde\x64\debug\quete.obj
c:\users\franc\onedrive - cégep de jonquière\cegep 3\prog\pratique\la_guilde\x64\debug\la_guilde.ilk
c:\users\franc\onedrive - cégep de jonquière\cegep 3\prog\pratique\la_guilde\x64\debug\la_guilde.exe
c:\users\franc\onedrive - cégep de jonquière\cegep 3\prog\pratique\la_guilde\x64\debug\la_guilde.pdb
c:\users\franc\onedrive - cégep de jonquière\cegep 3\prog\pratique\la_guilde\la_guilde\x64\debug\vc142-desktop-u44hpsu.pdb
c:\users\franc\onedrive - cégep de jonquière\cegep 3\prog\pratique\la_guilde\la_guilde\x64\debug\la_guilde.tlog\cl.command.1.tlog
c:\users\franc\onedrive - cégep de jonquière\cegep 3\prog\pratique\la_guilde\la_guilde\x64\debug\la_guilde.tlog\cl.read.1.tlog
c:\users\franc\onedrive - cégep de jonquière\cegep 3\prog\pratique\la_guilde\la_guilde\x64\debug\la_guilde.tlog\cl.write.1.tlog
c:\users\franc\onedrive - cégep de jonquière\cegep 3\prog\pratique\la_guilde\la_guilde\x64\debug\la_guilde.tlog\link.command.1.tlog
c:\users\franc\onedrive - cégep de jonquière\cegep 3\prog\pratique\la_guilde\la_guilde\x64\debug\la_guilde.tlog\link.read.1.tlog
c:\users\franc\onedrive - cégep de jonquière\cegep 3\prog\pratique\la_guilde\la_guilde\x64\debug\la_guilde.tlog\link.write.1.tlog
